
P A U P *
Version 4.0a (build 159) for Unix/Linux (built on Nov 17 2017 at 11:35:17)
Wed Feb  7 10:46:44 2018

        -----------------------------NOTICE-----------------------------
          This is an alpha-test version that is still changing rapidly.
          It will expire on 1 Apr 2018.
        
          Please report bugs to dave@phylosolutions.com
        ----------------------------------------------------------------


paup> bootstrap nreps=200 treefile=asgnboot.tre search=heuristic/ start=stepwise addseq=random nreps=10 swap=tbr

Bootstrap method with heuristic search:
  Number of bootstrap replicates = 200
  Starting seed = generated automatically
  Number of characters resampled in each replicate = 1149
  Optimality criterion = parsimony
    Character-status summary:
      Of 1149 total characters:
        All characters are of type 'unord'
        All characters have equal weight
        478 characters are constant
        121 variable characters are parsimony-uninformative
        Number of parsimony-informative characters = 550
    Gaps are treated as "missing"
  Starting tree(s) obtained via stepwise addition
    Addition sequence: random
    Number of replicates = 10
    Starting seed = generated automatically
    Number of trees held at each step = 1
  Branch-swapping algorithm: tree-bisection-reconnection (TBR) with reconnection limit = 8
    Steepest descent option not in effect
  Initial 'Maxtrees' setting = 100
  Branches collapsed (creating polytomies) if maximum branch length is zero
  'MulTrees' option in effect
  No topological constraints in effect
  Trees are unrooted

  200 bootstrap replicates completed
  Time used = 14.62 sec (CPU time = 14.63 sec)

Trees for each replicate written to treefile: ~/EEOB563/EEOB563-Spring2018/eeob563/asgnboot.tre

Bootstrap 50% majority-rule consensus tree

/--------------------------------------------------------------------------------------------- Platypus(1)
|
|                  /-------------------------------------------------------------------------- Echidna(2)
|                  |
|                  |                                                      /------------------- Opossum(3)
|                  |                                    /-------72--------+
|                  |                                    |                 \------------------- Bandicoot(5)
|                  |                 /--------86--------+
|                  |                 |                  \------------------------------------- Wallaby(4)
\------------------+                 |
                   |                 |                  /------------------------------------- Elephant(6)
                   |                 |                  |
                   |                 |                  +------------------------------------- Aardvark(7)
                   |                 |                  |
                   |                 |                  |                 /------------------- Tenrec(8)
                   \-------100-------+                  +-------62--------+
                                     |                  |                 \------------------- Hedgehog(15)
                                     |                  |
                                     |                  +------------------------------------- Sloth(9)
                                     |                  |
                                     |                  +------------------------------------- Armadillo(10)
                                     |                  |
                                     |                  +------------------------------------- Human(11)
                                     |                  |
                                     \--------57--------+------------------------------------- Tree shrew(12)
                                                        |
                                                        +------------------------------------- Rabbit(13)
                                                        |
                                                        +------------------------------------- Mouse(14)
                                                        |
                                                        +------------------------------------- Flying fox(16)
                                                        |
                                                        +------------------------------------- Cat(17)
                                                        |
                                                        +------------------------------------- Dog(18)
                                                        |
                                                        |                 /------------------- Pig(19)
                                                        \-------78--------+
                                                                          \------------------- Whale(20)

Bipartitions found in one or more trees and frequency of occurrence (bootstrap support values):

         1         2
12345678901234567890          Freq        %
-------------------------------------------
..******************        200.00  100.00%
..***...............        172.71   86.36%
..................**        156.27   78.13%
..*.*...............        144.25   72.12%
.......*......*.....        124.50   62.25%
.....***************        113.24   56.62%
.....*..*...........         78.39   39.20%
........**..........         72.42   36.21%
...............*..**         69.00   34.50%
.....********.******         68.54   34.27%
..........*.....*...         49.52   24.76%
...............**...         46.13   23.07%
........*.*.........         34.85   17.43%
......*.....*.......         30.13   15.07%
............*...*...         29.35   14.67%
..**................         26.58   13.29%
...........*.....*..         25.43   12.72%
......*....*........         25.33   12.67%
.....*..**..........         24.56   12.28%
.....*.*............         23.33   11.67%
.................***         22.32   11.16%
.....*.*......*.....         21.57   10.79%
...**...............         21.50   10.75%
.....******.*.******         21.00   10.50%
.........*....*.....         20.83   10.42%
..***********.******         20.33   10.17%
.......*.....**.....         19.95    9.98%
..*.****************         19.79    9.89%
.....**.....*.......         19.10    9.55%
..........**........         18.00    9.00%
......**......*.....         17.99    9.00%
...............*..*.         17.40    8.70%
..........*.....**..         16.76    8.38%
.......*.*....*.....         15.92    7.96%
.....*.*************         15.87    7.93%
.........*...**.....         15.83    7.92%
.............**.....         15.00    7.50%
...........*...*....         14.96    7.48%
.....**.*****..*****         14.12    7.06%
.......*.*...**.....         13.92    6.96%
.....**.............         13.79    6.89%
................**..         13.75    6.88%
............*....*..         13.58    6.79%
......**............         13.17    6.58%
..*********.********         12.00    6.00%
.......*.........*..         11.67    5.83%
........***.........         11.58    5.79%
.....*....*.........         11.00    5.50%
..............*..*..         11.00    5.50%
..****.*************         10.50    5.25%
.....*......*.......         10.50    5.25%
............*...**..         10.33    5.17%
............*..*....         10.25    5.12%
..........*....*****         10.18    5.09%
............**......         10.14    5.07%
..........*.*.......         10.00    5.00%

884 groups at (relative) frequency less than 5% not shown

paup> savetrees file=bootMajRule(assignment3).tre from=1 to=1 savebootp=nodelabels

1 tree saved to file "~/EEOB563/EEOB563-Spring2018/eeob563/bootMajRule(assignment3).tre"

paup> contree all/ strict=yes majrule=yes usetreewts=yes treefile=majrulestict.tre

Error(#756): Option to use tree weights in majority-rule consensus requested but no tree weights are
             available.

paup> contree all/ strict=yes majrule=yes treefile=majrulestict.tre

OK to replace file "majrulestict.tre"? (Y/n)y

Strict consensus of 1 tree:

/---------------------------------------------------------------------------------------------- Platypus
|
|                  /--------------------------------------------------------------------------- Echidna
|                  |
|                  |                                                       /------------------- Opossum
|                  |                                    /------------------+
|                  |                                    |                  \------------------- Bandicoot
|                  |                  /-----------------+
|                  |                  |                 \-------------------------------------- Wallaby
\------------------+                  |
                   |                  |                 /-------------------------------------- Elephant
                   |                  |                 |
                   |                  |                 +-------------------------------------- Aardvark
                   |                  |                 |
                   |                  |                 |                  /------------------- Tenrec
                   \------------------+                 +------------------+
                                      |                 |                  \------------------- Hedgehog
                                      |                 |
                                      |                 +-------------------------------------- Sloth
                                      |                 |
                                      |                 +-------------------------------------- Armadillo
                                      |                 |
                                      |                 +-------------------------------------- Human
                                      |                 |
                                      \-----------------+-------------------------------------- Tree shrew
                                                        |
                                                        +-------------------------------------- Rabbit
                                                        |
                                                        +-------------------------------------- Mouse
                                                        |
                                                        +-------------------------------------- Flying fox
                                                        |
                                                        +-------------------------------------- Cat
                                                        |
                                                        +-------------------------------------- Dog
                                                        |
                                                        |                  /------------------- Pig
                                                        \------------------+
                                                                           \------------------- Whale

50% Majority-rule consensus of 1 tree

/------------------------------------------------------------------------------------------ Platypus(1)
|
|                 /------------------------------------------------------------------------ Echidna(2)
|                 |
|                 |                                                     /------------------ Opossum(3)
|                 |                                   /-------100-------+
|                 |                                   |                 \------------------ Bandicoot(5)
|                 |                 /-------100-------+
|                 |                 |                 \------------------------------------ Wallaby(4)
\-----------------+                 |
                  |                 |                 /------------------------------------ Elephant(6)
                  |                 |                 |
                  |                 |                 +------------------------------------ Aardvark(7)
                  |                 |                 |
                  |                 |                 |                 /------------------ Tenrec(8)
                  \-------100-------+                 +-------100-------+
                                    |                 |                 \------------------ Hedgehog(15)
                                    |                 |
                                    |                 +------------------------------------ Sloth(9)
                                    |                 |
                                    |                 +------------------------------------ Armadillo(10)
                                    |                 |
                                    |                 +------------------------------------ Human(11)
                                    |                 |
                                    \-------100-------+------------------------------------ Tree shrew(12)
                                                      |
                                                      +------------------------------------ Rabbit(13)
                                                      |
                                                      +------------------------------------ Mouse(14)
                                                      |
                                                      +------------------------------------ Flying fox(16)
                                                      |
                                                      +------------------------------------ Cat(17)
                                                      |
                                                      +------------------------------------ Dog(18)
                                                      |
                                                      |                 /------------------ Pig(19)
                                                      \-------100-------+
                                                                        \------------------ Whale(20)

Bipartitions found in one or more trees and frequency of occurrence:

         1         2
12345678901234567890          Freq        %
-------------------------------------------
..................**             1  100.00%
.......*......*.....             1  100.00%
.....***************             1  100.00%
..*.*...............             1  100.00%
..***...............             1  100.00%
..******************             1  100.00%

Consensus tree(s) written to treefile: ~/EEOB563/EEOB563-Spring2018/eeob563/majrulestict.tre

paup> exit

Error(#152): Command "exit" is unrecognized.
                 If it is spelled correctly, look for problems in a previous command, such as an
                 unintentional semicolon.

paup> quit
