
P A U P *
Version 4.0a (build 159) for Unix/Linux (built on Nov 17 2017 at 11:35:17)
Tue Jan 30 10:24:17 2018

        -----------------------------NOTICE-----------------------------
          This is an alpha-test version that is still changing rapidly.
          It will expire on 1 Apr 2018.
        
          Please report bugs to dave@phylosolutions.com
        ----------------------------------------------------------------


paup> outgroup 1-2; set outroot=mono

Outgroup status changed:
  2 taxa transferred to outgroup
  Total number of taxa now in outgroup = 2
  Number of ingroup taxa = 18

paup> bootstrap nreps=200 treefille=boot.tre search=heuristic /start=stepwise addseq=random nreps=10 swap=TBR

Error(#143): Keyword "treefille" is not recognized.
                 If the keyword is valid for the current command and it is spelled correctly, look for problems
                 in a previous command, such as a missing semicolon.

paup> bootstrap nreps=200 treefill=boot.tre search=heuristic /start=stepwise addseq=random nreps=10 swap=TBR

Error(#143): Keyword "treefill" is not recognized.
                 If the keyword is valid for the current command and it is spelled correctly, look for problems
                 in a previous command, such as a missing semicolon.

paup> bootstrap nreps=200 treefile=boot.tre search=heuristic /start=stepwise addseq=random nreps=10 swap=TBR

Bootstrap method with heuristic search:
  Number of bootstrap replicates = 200
  Starting seed = generated automatically
  Number of characters resampled in each replicate = 382
  Optimality criterion = parsimony
    Character-status summary:
      Of 382 total characters:
        All characters are of type 'unord'
        All characters have equal weight
        198 characters are constant
        61 variable characters are parsimony-uninformative
        Number of parsimony-informative characters = 123
    Gaps are treated as "missing"
  Starting tree(s) obtained via stepwise addition
    Addition sequence: random
    Number of replicates = 10
    Starting seed = generated automatically
    Number of trees held at each step = 1
  Branch-swapping algorithm: tree-bisection-reconnection (TBR) with reconnection limit = 8
    Steepest descent option not in effect
  Initial 'Maxtrees' setting = 100
  Branches collapsed (creating polytomies) if maximum branch length is zero
  'MulTrees' option in effect
  No topological constraints in effect
  Trees are unrooted

  200 bootstrap replicates completed
  Time used = 12.42 sec (CPU time = 12.42 sec)

Trees for each replicate written to treefile: ~/EEOB563/EEOB563-Spring2018/eeob563/lab2/boot.tre

Bootstrap 50% majority-rule consensus tree

                                                                       /------------------------ Platypus(1)
/----------------------------------------------------------------------+
|                                                                      \------------------------ Echidna(2)
|
|                                               /----------------------------------------------- Opossum(3)
|                                               |
|                       /----------98-----------+                      /------------------------ Wallaby(4)
|                       |                       \----------50----------+
100                     |                                              \------------------------ Bandicoot(5)
|                       |
|                       |                                              /------------------------ Elephant(6)
|                       |                                              |
|                       |                                              +------------------------ Aardvark(7)
|                       |                                              |
|                       |                                              +------------------------ Tenrec(8)
\-----------------------+                                              |
                        |                                              +------------------------ Sloth(9)
                        |                                              |
                        |                                              +------------------------ Armadillo(10)
                        |                                              |
                        |                                              +------------------------ Human(11)
                        |                                              |
                        |                                              +------------------------ Tree shrew(12)
                        |                                              |
                        \----------------------51----------------------+------------------------ Rabbit(13)
                                                                       |
                                                                       +------------------------ Mouse(14)
                                                                       |
                                                                       +------------------------ Hedgehog(15)
                                                                       |
                                                                       +------------------------ Flying fox(16)
                                                                       |
                                                                       +------------------------ Cat(17)
                                                                       |
                                                                       +------------------------ Dog(18)
                                                                       |
                                                                       +------------------------ Pig(19)
                                                                       |
                                                                       \------------------------ Whale(20)

Bipartitions found in one or more trees and frequency of occurrence (bootstrap support values):

         1         2
12345678901234567890          Freq        %
-------------------------------------------
..******************        200.00  100.00%
..***...............        196.00   98.00%
.....***************        102.09   51.04%
...**...............        100.52   50.26%
..**................         90.09   45.05%
..................**         81.76   40.88%
...............*..**         81.06   40.53%
.......*.*..........         74.16   37.08%
.....*..*.*.........         72.18   36.09%
................**..         61.45   30.73%
...............*..*.         59.89   29.95%
.....*..*...........         54.69   27.34%
........*.*.........         49.86   24.93%
.....********.******         43.19   21.60%
...........**.......         42.96   21.48%
........**..........         36.53   18.26%
........*...*.......         34.74   17.37%
.....*....*.........         34.54   17.27%
.............**.....         29.75   14.88%
........**..*.......         29.10   14.55%
.....**.*.*.........         28.72   14.36%
..........*......*..         27.44   13.72%
..*****.************         26.30   13.15%
.....*..........*...         26.22   13.11%
.....**.........*...         24.32   12.16%
.....**.............         20.64   10.32%
.....**.************         20.37   10.19%
..............*..*..         19.05    9.52%
...........*......*.         17.11    8.56%
.....*........*.....         16.93    8.47%
..***........*......         16.54    8.27%
..***********.******         14.45    7.22%
.....**...*.........         14.33    7.17%
...........*...*..**         14.25    7.13%
.......***..*.......         13.75    6.88%
.....**...*.....**..         13.66    6.83%
.........*..*.......         13.62    6.81%
.............*..**..         13.39    6.70%
.....**.*.*.....**..         13.34    6.67%
.......***..........         12.70    6.35%
.......*......*.....         12.55    6.27%
...........*...*..*.         11.97    5.98%
.......*.*....*.....         11.97    5.98%
.....**...*...*.**..         11.90    5.95%
.....**********.**..         11.21    5.60%
..****..*.*.........         10.97    5.49%
............*...*...         10.78    5.39%
.....*....*...*.....         10.39    5.20%
...........*..*.....         10.04    5.02%
..*****.******.*****         10.00    5.00%

1203 groups at (relative) frequency less than 5% not shown

paup> savetrees file=bootMajRule.tree from=1 to=1 savebootp=nodelabels

1 tree saved to file "~/EEOB563/EEOB563-Spring2018/eeob563/lab2/bootMajRule.tree"

paup> gettrees file=boot.tre StoreTreeWts=yes mode=3

Processing TREES block from file: ~/EEOB563/EEOB563-Spring2018/eeob563/lab2/boot.tre
  Keeping: trees from file (replacing any trees already in memory)

The limit of 100 trees (= 'Maxtrees') has been reached.  Do you want to increase Maxtrees?

Do you want to increase 'Maxtrees'? (Y/n)n

  100 trees read from file

  Time used = 23.10 sec (CPU time = 0.01 sec)

paup> contree all/strict=no majrule=yes usetreewts=yes treefile=bootMajRule.tre

50% Majority-rule consensus of 100 trees (using tree weights, sum = 29.8333)

                                                                       /------------------------ Platypus(1)
/----------------------------------------------------------------------+
|                                                                      \------------------------ Echidna(2)
|
|                                                                      /------------------------ Opossum(3)
|                                               /----------53----------+
|                                               |                      \------------------------ Wallaby(4)
|                       /----------99-----------+
|                       |                       \----------------------------------------------- Bandicoot(5)
|                       |
|                       +----------------------------------------------------------------------- Elephant(6)
|                       |
100                     +----------------------------------------------------------------------- Aardvark(7)
|                       |
|                       +----------------------------------------------------------------------- Tenrec(8)
|                       |
|                       +----------------------------------------------------------------------- Sloth(9)
|                       |
|                       +----------------------------------------------------------------------- Armadillo(10)
|                       |
|                       +----------------------------------------------------------------------- Human(11)
|                       |
\-----------------------+----------------------------------------------------------------------- Tree shrew(12)
                        |
                        +----------------------------------------------------------------------- Rabbit(13)
                        |
                        +----------------------------------------------------------------------- Mouse(14)
                        |
                        +----------------------------------------------------------------------- Hedgehog(15)
                        |
                        +----------------------------------------------------------------------- Flying fox(16)
                        |
                        +----------------------------------------------------------------------- Cat(17)
                        |
                        +----------------------------------------------------------------------- Dog(18)
                        |
                        +----------------------------------------------------------------------- Pig(19)
                        |
                        \----------------------------------------------------------------------- Whale(20)

Bipartitions found in one or more trees and frequency of occurrence:

         1         2
12345678901234567890          Freq        %
-------------------------------------------
..******************         29.83  100.00%
..***...............         29.58   99.16%
..**................         15.92   53.35%
..................**         14.74   49.40%
.....***************         14.62   49.02%
...**...............         13.92   46.65%
.....*..*.*.........         12.98   43.52%
.......*.*..........         11.83   39.66%
...............*..**         11.79   39.51%
.....*..*...........         11.15   37.37%
................**..         11.00   36.89%
.....********.******          8.71   29.21%
.....*....*.........          5.68   19.05%
..*****.************          5.50   18.44%
..........*......*..          5.50   18.44%
..***........*......          5.17   17.32%
........**..........          5.00   16.76%
...............*..*.          4.77   15.98%
.....**.*.*.........          4.62   15.48%
........*.*.........          4.33   14.53%
........*...*.......          4.25   14.25%
...........**.......          4.17   13.97%
........**..*.......          4.00   13.41%
.............**.....          3.50   11.73%
.....**.************          3.36   11.26%
.....*........*.....          3.00   10.06%
.....**.........*...          3.00   10.06%
.....*..........*...          3.00   10.06%
............*...*...          3.00   10.06%
............*.*.....          3.00   10.06%
.....**.............          2.83    9.50%
.......*.*....*.....          2.83    9.50%
.......***..........          2.50    8.38%
...........*...*..**          2.33    7.82%
...........*...*..*.          2.14    7.18%
.....**.*.*.....**..          2.12    7.12%
.....**...*.....**..          2.04    6.84%
.....**.*.*.....****          2.04    6.84%
.......***.**.......          2.00    6.70%
.....**...*...*.**..          2.00    6.70%
..***********.******          2.00    6.70%
......*...*.....**..          2.00    6.70%
.......***..*.......          2.00    6.70%
........*.....*.....          2.00    6.70%
.....******.*...**..          2.00    6.70%
..*****.******.*****          2.00    6.70%
.....**.*.*....*****          2.00    6.70%
........***.*....*..          2.00    6.70%
......**............          2.00    6.70%
............*..*....          1.92    6.42%
........*..**.......          1.83    6.15%
.....*.****.........          1.57    5.27%
.....********.*.**..          1.57    5.27%
...........*......*.          1.54    5.17%
.....**...*...*.**.*          1.50    5.03%
.....**...*...****.*          1.50    5.03%
.....**...*...******          1.50    5.03%
.....**.*.*.....**.*          1.50    5.03%
.....********.*****.          1.50    5.03%
.....**...*.*...**..          1.50    5.03%
...........*..*.....          1.33    4.47%
.....**********.**..          1.29    4.31%
.....**********.***.          1.29    4.31%
.....**************.          1.29    4.31%
.............*..**..          1.29    4.31%
.....**.******.*****          1.25    4.19%
.......*.*...**.....          1.21    4.05%
..****..************          1.17    3.91%
.......*.*.**.......          1.17    3.91%
.....******.*.*.**..          1.14    3.83%
.......*.*.*********          1.13    3.77%
.....*..*.*......*..          1.12    3.77%
.........*.........*          1.12    3.77%
.....**.***.*...*..*          1.12    3.77%
.......*.*...**.**..          1.08    3.63%
.....*....*...*.....          1.00    3.35%
.....**...*...*.....          1.00    3.35%
......*...*.........          1.00    3.35%
..............*..*..          1.00    3.35%
......*....*........          1.00    3.35%
.....**...**........          1.00    3.35%
.....**.*****.......          1.00    3.35%
.....**.*****.*..*..          1.00    3.35%
.....**.*****.*.**..          1.00    3.35%
.....**.*******.**..          1.00    3.35%
........**.**.*.....          1.00    3.35%
...............*****          1.00    3.35%
.....*....*....*****          1.00    3.35%
.....*..*****.******          1.00    3.35%
.....**.*****.******          1.00    3.35%
.......*.*.*........          1.00    3.35%
.......*.*.*......*.          1.00    3.35%
..........*.....**..          1.00    3.35%
.....*..*..........*          1.00    3.35%
.....*******...*****          1.00    3.35%
........*...*.*.....          1.00    3.35%
.......*.....*......          1.00    3.35%
.....***.....*..*...          1.00    3.35%
.....***..*..*..**..          1.00    3.35%
.....***.**..*..**..          1.00    3.35%
.....******.***.**..          1.00    3.35%
...........**....*..          1.00    3.35%
.........*.**....*..          1.00    3.35%
...............**.**          1.00    3.35%
.............*.**.**          1.00    3.35%
.......*.....*.**.**          1.00    3.35%
.......*.....****.**          1.00    3.35%
.....*.*************          1.00    3.35%
...........*..**..**          1.00    3.35%
..*********.*...**..          1.00    3.35%
...........*...*****          1.00    3.35%
.........*..*.......          1.00    3.35%
..***....*..**......          1.00    3.35%
..***....*.***.*****          1.00    3.35%
..****..******.*****          1.00    3.35%
...........*...*....          1.00    3.35%
..........*...*.....          1.00    3.35%
..........*...*..*..          1.00    3.35%
........**..*...*...          1.00    3.35%
........***.*.*.**..          1.00    3.35%
........*****.******          1.00    3.35%
.........*...*......          1.00    3.35%
.........*.*.*......          1.00    3.35%
.........*.***......          1.00    3.35%
.....*..*.*.....**..          1.00    3.35%
.....*..*.*.....****          1.00    3.35%
.....***........*...          1.00    3.35%
...........*.**.....          1.00    3.35%
.........*..*...*..*          1.00    3.35%
.....*..***.*...*..*          1.00    3.35%
.....**.***.*...**.*          1.00    3.35%
.....**.*******.**.*          1.00    3.35%
............***.....          1.00    3.35%
............***..*..          1.00    3.35%
............***.**..          1.00    3.35%
.....*.****.***.**..          1.00    3.35%
.....*.****.***.**.*          1.00    3.35%
.....*.****.******.*          1.00    3.35%
..***......*........          1.00    3.35%
..***......*......*.          1.00    3.35%
..****.*************          1.00    3.35%
.......**...........          1.00    3.35%
............*...**..          1.00    3.35%
.....*....*.*...**..          1.00    3.35%
.....**...***...**..          1.00    3.35%
.....**..****...**..          1.00    3.35%
.....********...**..          1.00    3.35%
.............**.*...          1.00    3.35%
.............**.*..*          1.00    3.35%
............***.*..*          1.00    3.35%
.....*....*......*..          1.00    3.35%
.....*....**.....*..          1.00    3.35%
.....**...**.....*..          1.00    3.35%
.....**...*****.**.*          1.00    3.35%
.....**...**********          1.00    3.35%
........*.*.*.......          1.00    3.35%
........*.*.*....*..          1.00    3.35%
.......*...*........          1.00    3.35%
.......*...*..*.....          1.00    3.35%
.......*...*..**..**          1.00    3.35%
.......******.**.***          1.00    3.35%
.......*********.***          1.00    3.35%
.......*************          1.00    3.35%
........*..*..*.....          1.00    3.35%
......**.*..........          1.00    3.35%
.....*....*.....**..          1.00    3.35%
.....***.**.....**..          1.00    3.35%
.....***.**....****.          1.00    3.35%
.....*******..*****.          1.00    3.35%
..***........*.....*          1.00    3.35%
..**********.*******          1.00    3.35%
.......*.*.*.***..**          1.00    3.35%
.....**.*.*.*...**..          1.00    3.35%
..*****.*.*.*...**..          1.00    3.35%
.......*......*.....          1.00    3.35%
.......*.*...*******          1.00    3.35%
.....********..*****          1.00    3.35%
........**..*......*          1.00    3.35%
........**..*...*..*          1.00    3.35%
......*...........*.          1.00    3.35%
......*.**..*...*.**          1.00    3.35%
......*.**..*..**.**          1.00    3.35%
......*.***.*..*****          1.00    3.35%
.....**.***.*.******          1.00    3.35%
..***..*............          1.00    3.35%
..***..*.....*......          1.00    3.35%
..*********.********          1.00    3.35%
..***........*..**..          1.00    3.35%
..*****.*.****.*****          1.00    3.35%
..*****.*.**********          1.00    3.35%
.....**...*.*..***..          1.00    3.35%
.....**...*.*..*****          1.00    3.35%
.....**...***..*****          1.00    3.35%
.........*.*......**          1.00    3.35%
.....*..*.*.....*...          1.00    3.35%
.............**..*..          0.90    3.02%
.....*..************          0.90    3.02%
.........*.*......*.          0.90    3.02%
.........*.*********          0.90    3.02%
.......*.*..*.......          0.83    2.79%
...........**.*.....          0.76    2.55%
...............*.***          0.75    2.51%
..*****.*.*..*..**..          0.75    2.51%
........**....*.....          0.67    2.23%
........*****.*****.          0.67    2.23%
..****.......*......          0.67    2.23%
..*****.*.***.......          0.67    2.23%
......*.......*.....          0.67    2.23%
..****.*******.*****          0.67    2.23%
.......*.*..*....*..          0.67    2.23%
.......*.*.**....*..          0.67    2.23%
.....**.***.........          0.62    2.09%
.............**.**..          0.60    2.01%
.....**.*.***.......          0.58    1.96%
.....******.........          0.57    1.92%
........*...*..*....          0.52    1.73%
.......***..*.*.....          0.50    1.68%
.......***.**.*.....          0.50    1.68%
.....*.............*          0.50    1.68%
.....*....*........*          0.50    1.68%
.....**...*........*          0.50    1.68%
.....**...*.....**.*          0.50    1.68%
.....**...*....*****          0.50    1.68%
........*.*...*.....          0.50    1.68%
........*.*.*.*.....          0.50    1.68%
........*.***.*.....          0.50    1.68%
.......******.*.....          0.50    1.68%
..*****......*......          0.50    1.68%
..*****......*..*...          0.50    1.68%
..*************.*...          0.50    1.68%
..*************.**..          0.50    1.68%
..****************..          0.50    1.68%
..*****************.          0.50    1.68%
.......*.*.*...*..*.          0.50    1.68%
.....*******....****          0.50    1.68%
.......***.**..*....          0.50    1.68%
.......***.**..*..*.          0.50    1.68%
...........*.***..**          0.50    1.68%
.........*.*........          0.50    1.68%
...........*.*......          0.50    1.68%
.....*.******..*****          0.50    1.68%
.......*.*.**..*.***          0.50    1.68%
............**..*...          0.50    1.68%
............**.*****          0.50    1.68%
.......*....**.*****          0.50    1.68%
.......*...***.*****          0.50    1.68%
......*..*..........          0.50    1.68%
..*****.*.****..**..          0.50    1.68%
........**...**.....          0.50    1.68%
.....**...*.....*...          0.50    1.68%
.......***...**.....          0.50    1.68%
.......***.*********          0.42    1.40%
.....**...*.........          0.42    1.40%
..*****...*.........          0.42    1.40%
........*..**..*....          0.42    1.40%
...........**..*....          0.42    1.40%
.........*.**..*..**          0.40    1.34%
............****.*..          0.40    1.34%
.........*.*****.***          0.40    1.34%
.................***          0.38    1.26%
.....*********.*****          0.38    1.26%
........**.*..*.....          0.33    1.12%
.....**......*......          0.33    1.12%
..***......**.......          0.33    1.12%
.....*.******...**..          0.33    1.12%
.....**.*.*.....*...          0.33    1.12%
.....**.*.*...*.*...          0.33    1.12%
..***..*.*.***.*.***          0.33    1.12%
.....**.*.*.*.*.....          0.29    0.96%
.....******.*.*.....          0.29    0.96%
.....********.*.****          0.29    0.96%
...........**.*.*...          0.29    0.96%
...........**.*.**..          0.29    0.96%
..***.........*.....          0.25    0.84%
.....**.***...*.....          0.25    0.84%
..*****.*.*..*.*****          0.25    0.84%
...........**..*..**          0.25    0.84%
..**.*....*.........          0.25    0.84%
..**.**...*.........          0.25    0.84%
..**.********.******          0.25    0.84%
..**.***************          0.25    0.84%
..****..*.*.........          0.22    0.75%
..*****.*.*.........          0.22    0.75%
.....**.*.***..*....          0.21    0.70%
.......*.*....*.**..          0.21    0.70%
.......*.*....*.****          0.21    0.70%
.......*.*...**.****          0.21    0.70%
.....*.****.*...*...          0.17    0.56%
.....*.****.*...**..          0.17    0.56%
..****..*.*..*..*...          0.17    0.56%
.....*.******...*...          0.17    0.56%
..***..*.*.***...*..          0.17    0.56%
.......***.**.**....          0.17    0.56%
.....********.*.....          0.14    0.48%
...........*.*..**..          0.14    0.48%
.....******.....**..          0.14    0.48%
............*.*.*...          0.14    0.48%
............*.*.**..          0.14    0.48%
.....*..*.*........*          0.14    0.48%
.....*..*.*.*.*....*          0.14    0.48%
.....*.****.*.*....*          0.14    0.48%
.....******.*.*....*          0.14    0.48%
.....******.*.*.**.*          0.14    0.48%
.....**.***.*...*...          0.12    0.42%
.....**.***.**..*...          0.12    0.42%
.....**.***.***.*...          0.12    0.42%
.....**.*******.*...          0.12    0.42%
.....**.****........          0.12    0.42%
.....**.*****...*...          0.12    0.42%
.....**.******..*...          0.12    0.42%
.....**.*.*......*..          0.12    0.42%
.....**.***......*..          0.12    0.42%
.....**.****.....*..          0.12    0.42%
.....**.*****...**..          0.12    0.42%
.....**.******..**..          0.12    0.42%
.......*.........*..          0.12    0.42%
.......*.......*.**.          0.12    0.42%
.......*......**.**.          0.12    0.42%
.......*...*..**.**.          0.12    0.42%
.....**.***........*          0.12    0.42%
.......*...*********          0.12    0.42%
......**.*.*********          0.12    0.42%
..**.**...*.....**..          0.12    0.42%
..**.**...*.....****          0.12    0.42%
.....**.*.***..*****          0.12    0.42%
..**.**.*.***..*....          0.12    0.42%
...........*......**          0.10    0.34%
........**.**..*..**          0.10    0.34%
........**.*********          0.10    0.34%
............******..          0.10    0.34%
..**......*.........          0.08    0.28%
..**.*..............          0.08    0.28%
.....******...*.****          0.08    0.28%
................****          0.08    0.28%
.......*.*...**...**          0.08    0.28%
..****....*.........          0.08    0.28%
.....**...*.....****          0.04    0.14%
.......*.*.**.**....          0.04    0.14%
.....**.*.***..***..          0.04    0.14%
.......*.*....*...**          0.04    0.14%
.....******...*.**..          0.04    0.14%
.....**.*.***..*..**          0.04    0.14%

Consensus tree(s) written to treefile: ~/EEOB563/EEOB563-Spring2018/eeob563/lab2/bootMajRule.tre

paup> log stop; quit
